<?xml version="1.0" encoding="UTF-8"?>
<testng-results skipped="0" failed="1" ignored="0" total="5" passed="4">
  <reporter-output>
  </reporter-output>
  <suite name="Default suite" duration-ms="31113" started-at="2019-07-26T06:06:42Z" finished-at="2019-07-26T06:07:13Z">
    <groups>
    </groups>
    <test name="Default test" duration-ms="31113" started-at="2019-07-26T06:06:42Z" finished-at="2019-07-26T06:07:13Z">
      <class name="eply.com.Tests.LoginTest">
        <test-method status="PASS" signature="setup()[pri:0, instance:eply.com.Tests.LoginTest@7d9d1a19]" name="setup" is-config="true" duration-ms="12364" started-at="2019-07-26T06:06:42Z" finished-at="2019-07-26T06:06:55Z">
          <reporter-output>
          </reporter-output>
        </test-method> <!-- setup -->
        <test-method status="PASS" signature="LoginFailure(java.lang.String, java.lang.String)[pri:0, instance:eply.com.Tests.LoginTest@7d9d1a19]" name="LoginFailure" duration-ms="1103" started-at="2019-07-26T06:06:55Z" description="Insert wrong login data" data-provider="getData" finished-at="2019-07-26T06:06:56Z">
          <params>
            <param index="0">
              <value>
                <![CDATA[Shavit]]>
              </value>
            </param>
            <param index="1">
              <value>
                <![CDATA[1111]]>
              </value>
            </param>
          </params>
          <reporter-output>
          </reporter-output>
        </test-method> <!-- LoginFailure -->
        <test-method status="PASS" signature="LoginFailure(java.lang.String, java.lang.String)[pri:0, instance:eply.com.Tests.LoginTest@7d9d1a19]" name="LoginFailure" duration-ms="1112" started-at="2019-07-26T06:06:56Z" description="Insert wrong login data" data-provider="getData" finished-at="2019-07-26T06:06:57Z">
          <params>
            <param index="0">
              <value>
                <![CDATA[Dzziiiimmmmaaaa]]>
              </value>
            </param>
            <param index="1">
              <value>
                <![CDATA[333333]]>
              </value>
            </param>
          </params>
          <reporter-output>
          </reporter-output>
        </test-method> <!-- LoginFailure -->
        <test-method status="PASS" signature="LoginFailure(java.lang.String, java.lang.String)[pri:0, instance:eply.com.Tests.LoginTest@7d9d1a19]" name="LoginFailure" duration-ms="822" started-at="2019-07-26T06:06:57Z" description="Insert wrong login data" data-provider="getData" finished-at="2019-07-26T06:06:58Z">
          <params>
            <param index="0">
              <value>
                <![CDATA[Sasha]]>
              </value>
            </param>
            <param index="1">
              <value>
                <![CDATA[4234324324324]]>
              </value>
            </param>
          </params>
          <reporter-output>
          </reporter-output>
        </test-method> <!-- LoginFailure -->
        <test-method status="PASS" signature="LoginFailure(java.lang.String, java.lang.String)[pri:0, instance:eply.com.Tests.LoginTest@7d9d1a19]" name="LoginFailure" duration-ms="2944" started-at="2019-07-26T06:06:58Z" description="Insert wrong login data" data-provider="getData" finished-at="2019-07-26T06:07:01Z">
          <params>
            <param index="0">
              <value>
                <![CDATA[Vitaliy]]>
              </value>
            </param>
            <param index="1">
              <value>
                <![CDATA[vital]]>
              </value>
            </param>
          </params>
          <reporter-output>
          </reporter-output>
        </test-method> <!-- LoginFailure -->
        <test-method status="FAIL" signature="LoginFailure(java.lang.String, java.lang.String)[pri:0, instance:eply.com.Tests.LoginTest@7d9d1a19]" name="LoginFailure" duration-ms="12051" started-at="2019-07-26T06:07:01Z" description="Insert wrong login data" data-provider="getData" finished-at="2019-07-26T06:07:13Z">
          <params>
            <param index="0">
              <value>
                <![CDATA[shavit1986@gmail.com]]>
              </value>
            </param>
            <param index="1">
              <value>
                <![CDATA[shavitdemo123]]>
              </value>
            </param>
          </params>
          <exception class="org.openqa.selenium.NoSuchElementException">
            <message>
              <![CDATA[no such element: Unable to locate element: {"method":"css selector","selector":"#body_ErrorMessage"}
  (Session info: chrome=75.0.3770.142)
For documentation on this error, please visit: https://www.seleniumhq.org/exceptions/no_such_element.html
Build info: version: '3.141.59', revision: 'e82be7d358', time: '2018-11-14T08:17:03'
System info: host: 'ALEXK', ip: '10.0.0.10', os.name: 'Windows 10', os.arch: 'amd64', os.version: '10.0', java.version: '1.8.0_211'
Driver info: org.openqa.selenium.chrome.ChromeDriver
Capabilities {acceptInsecureCerts: false, browserName: chrome, browserVersion: 75.0.3770.142, chrome: {chromedriverVersion: 75.0.3770.140 (2d9f97485c7b..., userDataDir: C:\Users\alexk\AppData\Loca...}, goog:chromeOptions: {debuggerAddress: localhost:50140}, javascriptEnabled: true, networkConnectionEnabled: false, pageLoadStrategy: normal, platform: XP, platformName: XP, proxy: Proxy(), setWindowRect: true, strictFileInteractability: false, timeouts: {implicit: 0, pageLoad: 300000, script: 30000}, unhandledPromptBehavior: dismiss and notify}
Session ID: bbc0cf0dc8f5f92feec755bae1773a1b
*** Element info: {Using=css selector, value=#body_ErrorMessage}]]>
            </message>
            <full-stacktrace>
              <![CDATA[org.openqa.selenium.NoSuchElementException: no such element: Unable to locate element: {"method":"css selector","selector":"#body_ErrorMessage"}
  (Session info: chrome=75.0.3770.142)
For documentation on this error, please visit: https://www.seleniumhq.org/exceptions/no_such_element.html
Build info: version: '3.141.59', revision: 'e82be7d358', time: '2018-11-14T08:17:03'
System info: host: 'ALEXK', ip: '10.0.0.10', os.name: 'Windows 10', os.arch: 'amd64', os.version: '10.0', java.version: '1.8.0_211'
Driver info: org.openqa.selenium.chrome.ChromeDriver
Capabilities {acceptInsecureCerts: false, browserName: chrome, browserVersion: 75.0.3770.142, chrome: {chromedriverVersion: 75.0.3770.140 (2d9f97485c7b..., userDataDir: C:\Users\alexk\AppData\Loca...}, goog:chromeOptions: {debuggerAddress: localhost:50140}, javascriptEnabled: true, networkConnectionEnabled: false, pageLoadStrategy: normal, platform: XP, platformName: XP, proxy: Proxy(), setWindowRect: true, strictFileInteractability: false, timeouts: {implicit: 0, pageLoad: 300000, script: 30000}, unhandledPromptBehavior: dismiss and notify}
Session ID: bbc0cf0dc8f5f92feec755bae1773a1b
*** Element info: {Using=css selector, value=#body_ErrorMessage}
at sun.reflect.NativeConstructorAccessorImpl.newInstance0(Native Method)
at sun.reflect.NativeConstructorAccessorImpl.newInstance(NativeConstructorAccessorImpl.java:62)
at sun.reflect.DelegatingConstructorAccessorImpl.newInstance(DelegatingConstructorAccessorImpl.java:45)
at java.lang.reflect.Constructor.newInstance(Constructor.java:423)
at org.openqa.selenium.remote.http.W3CHttpResponseCodec.createException(W3CHttpResponseCodec.java:187)
at org.openqa.selenium.remote.http.W3CHttpResponseCodec.decode(W3CHttpResponseCodec.java:122)
at org.openqa.selenium.remote.http.W3CHttpResponseCodec.decode(W3CHttpResponseCodec.java:49)
at org.openqa.selenium.remote.HttpCommandExecutor.execute(HttpCommandExecutor.java:158)
at org.openqa.selenium.remote.service.DriverCommandExecutor.execute(DriverCommandExecutor.java:83)
at org.openqa.selenium.remote.RemoteWebDriver.execute(RemoteWebDriver.java:552)
at org.openqa.selenium.remote.RemoteWebDriver.findElement(RemoteWebDriver.java:323)
at org.openqa.selenium.remote.RemoteWebDriver.findElementByCssSelector(RemoteWebDriver.java:420)
at org.openqa.selenium.By$ByCssSelector.findElement(By.java:431)
at org.openqa.selenium.remote.RemoteWebDriver.findElement(RemoteWebDriver.java:315)
at org.openqa.selenium.support.pagefactory.DefaultElementLocator.findElement(DefaultElementLocator.java:69)
at org.openqa.selenium.support.pagefactory.internal.LocatingElementHandler.invoke(LocatingElementHandler.java:38)
at com.sun.proxy.$Proxy10.getText(Unknown Source)
at eply.com.PageObject.LoginPage.getErrorMsg(LoginPage.java:39)
at eply.com.Tests.LoginTest.LoginFailure(LoginTest.java:16)
at sun.reflect.NativeMethodAccessorImpl.invoke0(Native Method)
at sun.reflect.NativeMethodAccessorImpl.invoke(NativeMethodAccessorImpl.java:62)
at sun.reflect.DelegatingMethodAccessorImpl.invoke(DelegatingMethodAccessorImpl.java:43)
at java.lang.reflect.Method.invoke(Method.java:498)
at org.testng.internal.MethodInvocationHelper.invokeMethod(MethodInvocationHelper.java:124)
at org.testng.internal.Invoker.invokeMethod(Invoker.java:583)
at org.testng.internal.Invoker.invokeTestMethod(Invoker.java:719)
at org.testng.internal.Invoker.invokeTestMethods(Invoker.java:989)
at org.testng.internal.TestMethodWorker.invokeTestMethods(TestMethodWorker.java:125)
at org.testng.internal.TestMethodWorker.run(TestMethodWorker.java:109)
at org.testng.TestRunner.privateRun(TestRunner.java:648)
at org.testng.TestRunner.run(TestRunner.java:505)
at org.testng.SuiteRunner.runTest(SuiteRunner.java:455)
at org.testng.SuiteRunner.runSequentially(SuiteRunner.java:450)
at org.testng.SuiteRunner.privateRun(SuiteRunner.java:415)
at org.testng.SuiteRunner.run(SuiteRunner.java:364)
at org.testng.SuiteRunnerWorker.runSuite(SuiteRunnerWorker.java:52)
at org.testng.SuiteRunnerWorker.run(SuiteRunnerWorker.java:84)
at org.testng.TestNG.runSuitesSequentially(TestNG.java:1208)
at org.testng.TestNG.runSuitesLocally(TestNG.java:1137)
at org.testng.TestNG.runSuites(TestNG.java:1049)
at org.testng.TestNG.run(TestNG.java:1017)
at org.testng.remote.AbstractRemoteTestNG.run(AbstractRemoteTestNG.java:115)
at org.testng.remote.RemoteTestNG.initAndRun(RemoteTestNG.java:251)
at org.testng.remote.RemoteTestNG.main(RemoteTestNG.java:77)
]]>
            </full-stacktrace>
          </exception> <!-- org.openqa.selenium.NoSuchElementException -->
          <reporter-output>
          </reporter-output>
        </test-method> <!-- LoginFailure -->
        <test-method status="PASS" signature="tearDown()[pri:0, instance:eply.com.Tests.LoginTest@7d9d1a19]" name="tearDown" is-config="true" duration-ms="690" started-at="2019-07-26T06:07:13Z" finished-at="2019-07-26T06:07:13Z">
          <reporter-output>
          </reporter-output>
        </test-method> <!-- tearDown -->
      </class> <!-- eply.com.Tests.LoginTest -->
    </test> <!-- Default test -->
  </suite> <!-- Default suite -->
</testng-results>
